[16:53:54] [ServerMain/INFO]: Environment: authHost='https://authserver.mojang.com', accountsHost='https://api.mojang.com', sessionHost='https://sessionserver.mojang.com', servicesHost='https://api.minecraftservices.com', name='PROD'
[16:53:56] [ServerMain/INFO]: Loaded 7 recipes
[16:53:56] [Server thread/INFO]: Starting minecraft server version 1.20.1
[16:53:56] [Server thread/INFO]: Loading properties
[16:53:57] [Server thread/INFO]: This server is running Paper version git-Paper-196 (MC: 1.20.1) (Implementing API version 1.20.1-R0.1-SNAPSHOT) (Git: 773dd72)
[16:53:57] [Server thread/INFO]: Server Ping Player Sample Count: 12
[16:53:57] [Server thread/INFO]: Using 4 threads for Netty based IO
[16:53:57] [Server thread/WARN]: [!] The timings profiler has been enabled but has been scheduled for removal from Paper in the future.
    We recommend installing the spark profiler as a replacement: https://spark.lucko.me/
    For more information please visit: https://github.com/PaperMC/Paper/issues/8948
[16:53:57] [Server thread/INFO]: [ChunkTaskScheduler] Chunk system is using 1 I/O threads, 1 worker threads, and gen parallelism of 1 threads
[16:53:58] [Server thread/INFO]: Default game type: SURVIVAL
[16:53:58] [Server thread/INFO]: Generating keypair
[16:53:58] [Server thread/INFO]: Starting Minecraft server on *:25565
[16:53:58] [Server thread/INFO]: Using epoll channel type
[16:53:58] [Server thread/INFO]: Paper: Using libdeflate (Linux x86_64) compression from Velocity.
[16:53:58] [Server thread/INFO]: Paper: Using OpenSSL 1.1.x (Linux x86_64) cipher from Velocity.
[16:54:00] [Server thread/INFO]: [floodgate] Loading server plugin floodgate v2.2.3-SNAPSHOT (b114-83fbd6e)
[16:54:01] [Server thread/WARN]: [floodgate] en_ is not a supported Floodgate language.
[16:54:01] [Server thread/INFO]: [floodgate] Took 964ms to boot Floodgate
[16:54:01] [Server thread/INFO]: [ViaVersion] Loading server plugin ViaVersion v5.2.1
[16:54:01] [Server thread/INFO]: [ViaVersion] ViaVersion 5.2.1 is now loaded. Registering protocol transformers and injecting...
[16:54:02] [Via-Mappingloader-0/INFO]: [ViaVersion] Loading block connection mappings ...
[16:54:02] [Via-Mappingloader-0/INFO]: [ViaVersion] Using FastUtil Long2ObjectOpenHashMap for block connections
[16:54:02] [Server thread/INFO]: [ViaBackwards] Loading translations...
[16:54:02] [Server thread/INFO]: [ViaBackwards] Registering protocols...
[16:54:02] [Server thread/INFO]: [Geyser-Spigot] Loading server plugin Geyser-Spigot v2.6.0-SNAPSHOT
[16:54:03] [Server thread/INFO]: [Geyser-Spigot] Loading extensions...
[16:54:03] [Server thread/INFO]: [Geyser-Spigot] Loaded 0 extension(s)
[16:54:03] [Server thread/INFO]: [ViaBackwards] Loading server plugin ViaBackwards v5.2.1
[16:54:03] [Server thread/INFO]: Server permissions file permissions.yml is empty, ignoring it
[16:54:03] [Server thread/WARN]: **** SERVER IS RUNNING IN OFFLINE/INSECURE MODE!
[16:54:03] [Server thread/WARN]: The server will make no attempt to authenticate usernames. Beware.
[16:54:03] [Server thread/WARN]: While this makes the game possible to play without internet access, it also opens up the ability for hackers to connect with any username they choose.
[16:54:03] [Server thread/WARN]: To change this, set "online-mode" to "true" in the server.properties file.
[16:54:03] [Server thread/INFO]: Preparing level "world"
[16:54:03] [Server thread/INFO]: Preparing start region for dimension minecraft:overworld
[16:54:04] [Server thread/INFO]: Time elapsed: 293 ms
[16:54:04] [Server thread/INFO]: Preparing start region for dimension minecraft:the_nether
[16:54:04] [Server thread/INFO]: Time elapsed: 132 ms
[16:54:04] [Server thread/INFO]: Preparing start region for dimension minecraft:the_end
[16:54:04] [Server thread/INFO]: Time elapsed: 73 ms
[16:54:04] [Server thread/INFO]: [floodgate] Enabling floodgate v2.2.3-SNAPSHOT (b114-83fbd6e)
[16:54:05] [Server thread/INFO]: [ViaVersion] Enabling ViaVersion v5.2.1
[16:54:05] [Server thread/INFO]: [ViaVersion] ViaVersion detected server version: 1.20-1.20.1 (763)
[16:54:05] [Server thread/WARN]: [ViaVersion] Please update your Java runtime to at least Java 21 (your version is 17.0.13).
[16:54:05] [Server thread/WARN]: [ViaVersion] At some point in the future, ViaVersion will no longer be compatible with this version of Java.
[16:54:05] [Server thread/INFO]: [Geyser-Spigot] Enabling Geyser-Spigot v2.6.0-SNAPSHOT
[16:54:06] [Server thread/INFO]: [ViaBackwards] Enabling ViaBackwards v5.2.1
[16:54:06] [Server thread/INFO]: [Geyser-Spigot] ******************************************
[16:54:06] [Server thread/INFO]: [Geyser-Spigot] 
[16:54:06] [Server thread/INFO]: [Geyser-Spigot] Loading Geyser version 2.6.0-b742 (git-master-ddd1afa)
[16:54:06] [Server thread/INFO]: [Geyser-Spigot] 
[16:54:06] [Server thread/INFO]: [Geyser-Spigot] ******************************************
[16:54:12] [epollEventLoopGroup-3-1/INFO]: [Geyser-Spigot] Started Geyser on UDP port 1821
[16:54:12] [Server thread/INFO]: [Geyser-Spigot] Done (5.882s)! Run /geyser help for help!
[16:54:12] [Server thread/INFO]: Running delayed init tasks
[16:54:12] [Server thread/INFO]: Done (15.282s)! For help, type "help"
[16:54:12] [Server thread/INFO]: Timings Reset
[16:54:12] [Craft Scheduler Thread - 2 - ViaVersion/INFO]: [ViaVersion] Finished mapping loading, shutting down loader executor.
[16:54:56] [User Authenticator #0/INFO]: UUID of player LaiyLiod is 6021c5ec-d1c8-30f4-bcbb-ba21b22f60d7
[16:54:56] [Server thread/INFO]: LaiyLiod joined the game
[16:54:56] [Server thread/INFO]: LaiyLiod[/127.180.52.69:56539] logged in with entity id 218 at ([world]26.990295868063956, 73.0, -1.670888620307425)
[16:57:02] [Server thread/INFO]: LaiyLiod issued server command: /tp @a 0 75 0
[16:57:02] [Server thread/INFO]: [LaiyLiod: Teleported LaiyLiod to 0.500000, 75.000000, 0.500000]
[17:00:52] [epollEventLoopGroup-4-1/INFO]: [Geyser-Spigot] Player connected with username TheLetterP5726
[17:00:52] [localSession-7-2/INFO]: [Geyser-Spigot] TheLetterP5726 (logged in as: TheLetterP5726) has connected to the Java server
[17:00:52] [Geyser Spigot connection thread-6-3/INFO]: UUID of player .TheLetterP5726 is 00000000-0000-0000-0009-01f98d1b1029
[17:00:52] [Server thread/INFO]: [floodgate] Floodgate player logged in as .TheLetterP5726 joined (UUID: 00000000-0000-0000-0009-01f98d1b1029)
[17:00:52] [Server thread/INFO]: .TheLetterP5726 joined the game
[17:00:52] [Server thread/INFO]: .TheLetterP5726[/127.0.0.1:0] logged in with entity id 1622 at ([world]23.5, 68.0, 25.5)
[17:01:10] [Server thread/INFO]: LaiyLiod issued server command: /gamemode creative .TheLetterP5726
[17:01:10] [Server thread/INFO]: [LaiyLiod: Set .TheLetterP5726's game mode to Creative Mode]
[17:01:24] [Server thread/INFO]: Made .TheLetterP5726 a server operator
[17:01:46] [Server thread/INFO]: LaiyLiod issued server command: /time set day
[17:01:46] [Server thread/INFO]: [LaiyLiod: Set the time to 1000]
[17:04:49] [Server thread/INFO]: LaiyLiod issued server command: /tp .TheLetterP5726
[17:04:49] [Server thread/INFO]: [LaiyLiod: Teleported LaiyLiod to .TheLetterP5726]
[17:05:11] [Server thread/INFO]: .TheLetterP5726 issued server command: /gamemode survival
[17:05:11] [Server thread/INFO]: [.TheLetterP5726: Set own game mode to Survival Mode]
[17:05:25] [Server thread/INFO]: LaiyLiod issued server command: /gamemode survival
[17:05:25] [Server thread/INFO]: [LaiyLiod: Set own game mode to Survival Mode]
[17:05:32] [Server thread/INFO]: LaiyLiod issued server command: /gamemode creative
[17:05:32] [Server thread/INFO]: [LaiyLiod: Set own game mode to Creative Mode]
[17:05:35] [Server thread/INFO]: LaiyLiod issued server command: /gamemode survival
[17:05:35] [Server thread/INFO]: [LaiyLiod: Set own game mode to Survival Mode]
[17:06:07] [Server thread/INFO]: .TheLetterP5726 was slain by LaiyLiod
[17:06:12] [Server thread/INFO]: LaiyLiod issued server command: /tp .TheLetterP5726
[17:06:12] [Server thread/INFO]: [LaiyLiod: Teleported LaiyLiod to .TheLetterP5726]
[17:06:29] [Server thread/INFO]: LaiyLiod lost connection: Disconnected
[17:06:29] [Server thread/INFO]: LaiyLiod left the game
[17:06:39] [localSession-7-2/INFO]: [Geyser-Spigot] TheLetterP5726 has disconnected from the Java server because of Bedrock client disconnected
[17:06:39] [Geyser Spigot connection thread-6-3/INFO]: [floodgate] Floodgate player logged in as .TheLetterP5726 disconnected
[17:06:39] [Server thread/INFO]: .TheLetterP5726 lost connection: Disconnected
[17:06:39] [Server thread/INFO]: .TheLetterP5726 left the game
[17:06:56] [Server thread/INFO]: Stopping the server
[17:06:56] [Server thread/INFO]: Stopping server
[17:06:56] [Server thread/INFO]: [ViaBackwards] Disabling ViaBackwards v5.2.1
[17:06:56] [Server thread/INFO]: [Geyser-Spigot] Disabling Geyser-Spigot v2.6.0-SNAPSHOT
[17:06:56] [Server thread/INFO]: [Geyser-Spigot] Shutting down Geyser.
[17:06:56] [Server thread/INFO]: [Geyser-Spigot] Geyser shutdown successfully.
[17:06:56] [Server thread/INFO]: [ViaVersion] Disabling ViaVersion v5.2.1
[17:06:56] [Server thread/INFO]: [ViaVersion] ViaVersion has been disabled; uninjected the platform and shut down the scheduler.
[17:06:56] [Server thread/INFO]: [floodgate] Disabling floodgate v2.2.3-SNAPSHOT (b114-83fbd6e)
[17:06:56] [Server thread/INFO]: Saving players
[17:06:57] [Server thread/INFO]: Saving worlds
[17:06:57] [Server thread/INFO]: Saving chunks for level 'ServerLevel[world]'/minecraft:overworld
[17:06:57] [Server thread/INFO]: [ChunkHolderManager] Waiting 60s for chunk system to halt for world 'world'
[17:06:57] [Server thread/INFO]: [ChunkHolderManager] Halted chunk system for world 'world'
[17:06:57] [Server thread/INFO]: [ChunkHolderManager] Saving all chunkholders for world 'world'
[17:06:57] [WebSocketConnectReadThread-68/INFO]: [Geyser-Spigot] The skin uploader has been closed
[17:06:57] [Server thread/INFO]: [ChunkHolderManager] Saved 1203 block chunks, 317 entity chunks, 8 poi chunks in world 'world' in 0.78s
[17:06:57] [Server thread/INFO]: ThreadedAnvilChunkStorage (world): All chunks are saved
[17:06:57] [Server thread/INFO]: Saving chunks for level 'ServerLevel[world_nether]'/minecraft:the_nether
[17:06:57] [Server thread/INFO]: [ChunkHolderManager] Waiting 60s for chunk system to halt for world 'world_nether'
[17:06:57] [Server thread/INFO]: [ChunkHolderManager] Halted chunk system for world 'world_nether'
[17:06:57] [Server thread/INFO]: [ChunkHolderManager] Saving all chunkholders for world 'world_nether'
[17:06:57] [Server thread/INFO]: [ChunkHolderManager] Saved 0 block chunks, 11 entity chunks, 0 poi chunks in world 'world_nether' in 0.00s
[17:06:57] [Server thread/INFO]: ThreadedAnvilChunkStorage (DIM-1): All chunks are saved
[17:06:57] [Server thread/INFO]: Saving chunks for level 'ServerLevel[world_the_end]'/minecraft:the_end
[17:06:57] [Server thread/INFO]: [ChunkHolderManager] Waiting 60s for chunk system to halt for world 'world_the_end'
[17:06:57] [Server thread/INFO]: [ChunkHolderManager] Halted chunk system for world 'world_the_end'
[17:06:57] [Server thread/INFO]: [ChunkHolderManager] Saving all chunkholders for world 'world_the_end'
[17:06:57] [Server thread/INFO]: [ChunkHolderManager] Saved 10 block chunks, 10 entity chunks, 0 poi chunks in world 'world_the_end' in 0.01s
[17:06:57] [Server thread/INFO]: ThreadedAnvilChunkStorage (DIM1): All chunks are saved
[17:06:57] [Server thread/INFO]: ThreadedAnvilChunkStorage: All dimensions are saved
[17:06:57] [Server thread/INFO]: Flushing Chunk IO
[17:06:57] [Server thread/INFO]: Closing Thread Pool
[17:06:57] [Server thread/INFO]: Closing Server
